[2024-11-07 15:32:25,649] INFO Starting the log cleaner (kafka.log.LogCleaner)
[2024-11-07 21:10:54,247] INFO Starting the log cleaner (kafka.log.LogCleaner)
[2024-11-12 20:46:34,657] INFO Starting the log cleaner (kafka.log.LogCleaner)
[2024-11-12 20:52:44,703] INFO Starting the log cleaner (kafka.log.LogCleaner)
[2024-11-12 20:52:59,940] INFO Starting the log cleaner (kafka.log.LogCleaner)
[2024-11-12 20:53:00,531] INFO Shutting down the log cleaner. (kafka.log.LogCleaner)
[2024-11-12 20:53:56,456] INFO Starting the log cleaner (kafka.log.LogCleaner)
[2024-11-12 20:56:29,079] INFO Starting the log cleaner (kafka.log.LogCleaner)
[2024-11-12 21:00:32,540] INFO Starting the log cleaner (kafka.log.LogCleaner)
[2024-11-12 21:02:28,247] INFO Starting the log cleaner (kafka.log.LogCleaner)
[2024-11-12 21:08:29,238] INFO Starting the log cleaner (kafka.log.LogCleaner)
[2024-11-12 21:12:25,598] INFO Starting the log cleaner (kafka.log.LogCleaner)
[2024-11-12 21:20:19,272] INFO Starting the log cleaner (kafka.log.LogCleaner)
[2024-11-12 21:20:19,848] INFO Shutting down the log cleaner. (kafka.log.LogCleaner)
[2024-11-12 21:22:52,072] INFO Starting the log cleaner (kafka.log.LogCleaner)
[2024-11-14 00:54:14,531] INFO Starting the log cleaner (kafka.log.LogCleaner)
[2024-11-14 00:54:15,197] INFO Shutting down the log cleaner. (kafka.log.LogCleaner)
[2024-11-14 00:54:48,651] INFO Starting the log cleaner (kafka.log.LogCleaner)
[2024-11-14 00:54:49,200] INFO Shutting down the log cleaner. (kafka.log.LogCleaner)
[2024-11-14 00:57:56,444] INFO Starting the log cleaner (kafka.log.LogCleaner)
[2024-11-14 09:06:15,774] INFO Starting the log cleaner (kafka.log.LogCleaner)
[2024-11-14 09:06:16,205] INFO Shutting down the log cleaner. (kafka.log.LogCleaner)
[2024-11-14 09:06:33,555] INFO Starting the log cleaner (kafka.log.LogCleaner)
[2024-11-14 09:06:34,015] INFO Shutting down the log cleaner. (kafka.log.LogCleaner)
[2024-11-14 09:07:11,487] INFO Starting the log cleaner (kafka.log.LogCleaner)
[2024-11-14 09:07:11,935] INFO Shutting down the log cleaner. (kafka.log.LogCleaner)
[2024-11-14 09:08:35,164] INFO Starting the log cleaner (kafka.log.LogCleaner)
[2024-11-14 09:09:19,874] INFO Starting the log cleaner (kafka.log.LogCleaner)
[2024-11-14 09:09:20,302] INFO Shutting down the log cleaner. (kafka.log.LogCleaner)
[2024-11-14 09:09:41,375] INFO Starting the log cleaner (kafka.log.LogCleaner)
[2024-11-14 09:09:41,800] INFO Shutting down the log cleaner. (kafka.log.LogCleaner)
[2024-11-14 09:10:58,139] INFO Starting the log cleaner (kafka.log.LogCleaner)
[2024-11-14 09:10:58,592] INFO Shutting down the log cleaner. (kafka.log.LogCleaner)
[2024-11-14 09:12:58,400] INFO Starting the log cleaner (kafka.log.LogCleaner)
[2024-11-14 09:12:59,011] INFO Shutting down the log cleaner. (kafka.log.LogCleaner)
[2024-11-14 09:18:27,824] INFO Starting the log cleaner (kafka.log.LogCleaner)
[2024-11-17 03:55:12,853] INFO Starting the log cleaner (kafka.log.LogCleaner)
[2024-11-17 03:55:13,424] INFO Shutting down the log cleaner. (kafka.log.LogCleaner)
[2024-11-17 03:56:10,070] INFO Starting the log cleaner (kafka.log.LogCleaner)
[2024-11-17 03:56:10,537] INFO Shutting down the log cleaner. (kafka.log.LogCleaner)
[2024-11-17 03:57:06,574] INFO Starting the log cleaner (kafka.log.LogCleaner)
[2024-11-17 03:59:00,284] INFO Starting the log cleaner (kafka.log.LogCleaner)
[2024-11-17 03:59:00,731] INFO Shutting down the log cleaner. (kafka.log.LogCleaner)
[2024-11-17 04:02:39,707] INFO Starting the log cleaner (kafka.log.LogCleaner)
[2024-11-17 04:10:47,829] INFO Starting the log cleaner (kafka.log.LogCleaner)
[2024-11-17 04:30:36,511] INFO Starting the log cleaner (kafka.log.LogCleaner)
[2024-11-17 04:32:01,454] INFO Starting the log cleaner (kafka.log.LogCleaner)
[2024-11-17 04:32:42,723] INFO Starting the log cleaner (kafka.log.LogCleaner)
[2024-11-17 04:46:26,262] INFO Starting the log cleaner (kafka.log.LogCleaner)
[2024-11-17 04:46:26,703] INFO Shutting down the log cleaner. (kafka.log.LogCleaner)
[2024-11-17 04:46:54,895] INFO Starting the log cleaner (kafka.log.LogCleaner)
[2024-11-17 15:44:37,426] INFO Starting the log cleaner (kafka.log.LogCleaner)
[2024-11-17 15:44:38,069] INFO Shutting down the log cleaner. (kafka.log.LogCleaner)
[2024-11-17 15:45:18,754] INFO Starting the log cleaner (kafka.log.LogCleaner)
[2024-11-17 15:45:19,316] INFO Shutting down the log cleaner. (kafka.log.LogCleaner)
[2024-11-17 15:46:06,517] INFO Starting the log cleaner (kafka.log.LogCleaner)
[2024-11-19 10:04:49,101] INFO Starting the log cleaner (kafka.log.LogCleaner)
[2024-11-19 10:04:49,814] INFO Shutting down the log cleaner. (kafka.log.LogCleaner)
[2024-11-19 10:05:04,596] INFO Starting the log cleaner (kafka.log.LogCleaner)
[2024-11-19 10:05:05,193] INFO Shutting down the log cleaner. (kafka.log.LogCleaner)
[2024-11-19 10:05:54,257] INFO Starting the log cleaner (kafka.log.LogCleaner)
[2024-11-19 10:05:54,834] INFO Shutting down the log cleaner. (kafka.log.LogCleaner)
[2024-11-20 12:30:11,533] INFO Starting the log cleaner (kafka.log.LogCleaner)
[2024-11-20 12:30:12,223] INFO Shutting down the log cleaner. (kafka.log.LogCleaner)
[2024-11-20 12:31:19,409] INFO Starting the log cleaner (kafka.log.LogCleaner)
[2024-11-20 12:31:20,143] INFO Shutting down the log cleaner. (kafka.log.LogCleaner)
[2024-11-20 12:31:46,142] INFO Starting the log cleaner (kafka.log.LogCleaner)
[2024-11-20 21:11:11,945] INFO Starting the log cleaner (kafka.log.LogCleaner)
[2024-11-20 21:12:36,584] INFO Starting the log cleaner (kafka.log.LogCleaner)
[2024-11-20 21:12:37,006] INFO Shutting down the log cleaner. (kafka.log.LogCleaner)
[2024-11-20 21:15:58,535] INFO Starting the log cleaner (kafka.log.LogCleaner)
[2024-11-20 21:18:45,967] INFO Starting the log cleaner (kafka.log.LogCleaner)
[2024-11-20 21:18:46,509] INFO Shutting down the log cleaner. (kafka.log.LogCleaner)
[2024-11-20 21:19:12,267] INFO Starting the log cleaner (kafka.log.LogCleaner)
[2024-11-20 21:19:12,818] INFO Shutting down the log cleaner. (kafka.log.LogCleaner)
[2024-11-20 21:19:51,992] INFO Starting the log cleaner (kafka.log.LogCleaner)
[2024-11-21 08:53:50,709] INFO Starting the log cleaner (kafka.log.LogCleaner)
[2024-11-21 08:53:52,435] INFO Shutting down the log cleaner. (kafka.log.LogCleaner)
[2024-11-21 08:54:32,493] INFO Starting the log cleaner (kafka.log.LogCleaner)
[2024-11-21 08:55:32,657] INFO Cleaner 0: Beginning cleaning of log __consumer_offsets-22 (kafka.log.LogCleaner)
[2024-11-21 08:55:32,657] INFO Cleaner 0: Building offset map for __consumer_offsets-22... (kafka.log.LogCleaner)
[2024-11-21 08:55:32,695] INFO Cleaner 0: Building offset map for log __consumer_offsets-22 for 1 segments in offset range [0, 23650). (kafka.log.LogCleaner)
[2024-11-21 08:55:33,064] INFO Cleaner 0: Offset map for log __consumer_offsets-22 complete. (kafka.log.LogCleaner)
[2024-11-21 08:55:33,167] INFO Cleaner 0: Cleaning log __consumer_offsets-22 (cleaning prior to Wed Nov 20 21:18:27 ICT 2024, discarding tombstones prior to upper bound deletion horizon Thu Jan 01 07:00:00 ICT 1970)... (kafka.log.LogCleaner)
[2024-11-21 08:55:33,174] INFO Cleaner 0: Cleaning LogSegment(baseOffset=0, size=2425175, lastModifiedTime=1732112307740, largestRecordTimestamp=1732112307740) in log __consumer_offsets-22 into 0 with an upper bound deletion horizon 0 computed from the segment last modified time of 1732112307740,retaining deletes. (kafka.log.LogCleaner)
[2024-11-21 08:55:33,348] INFO Cleaner 0: Swapping in cleaned segment LogSegment(baseOffset=0, size=652, lastModifiedTime=1732112307740, largestRecordTimestamp=1732112307740) for segment(s) List(LogSegment(baseOffset=0, size=2425175, lastModifiedTime=1732112307740, largestRecordTimestamp=1732112307740)) in log Log(dir=C:\tmp\kafka-logs\__consumer_offsets-22, topicId=LgLUh-baQ-mWvxfQzM9WJA, topic=__consumer_offsets, partition=22, highWatermark=23660, lastStableOffset=23660, logStartOffset=0, logEndOffset=23660) (kafka.log.LogCleaner)
[2024-11-21 08:55:33,401] INFO Cleaner 0: Beginning cleaning of log __consumer_offsets-22 (kafka.log.LogCleaner)
[2024-11-21 08:55:33,403] INFO Cleaner 0: Building offset map for __consumer_offsets-22... (kafka.log.LogCleaner)
[2024-11-21 09:05:53,906] INFO Starting the log cleaner (kafka.log.LogCleaner)
[2024-11-21 09:06:09,027] INFO Cleaner 0: Beginning cleaning of log __consumer_offsets-22 (kafka.log.LogCleaner)
[2024-11-21 09:06:09,027] INFO Cleaner 0: Building offset map for __consumer_offsets-22... (kafka.log.LogCleaner)
[2024-11-21 09:06:09,054] INFO Cleaner 0: Building offset map for log __consumer_offsets-22 for 1 segments in offset range [0, 23650). (kafka.log.LogCleaner)
[2024-11-21 09:06:09,245] INFO Cleaner 0: Offset map for log __consumer_offsets-22 complete. (kafka.log.LogCleaner)
[2024-11-21 09:06:09,303] INFO Cleaner 0: Cleaning log __consumer_offsets-22 (cleaning prior to Wed Nov 20 21:18:27 ICT 2024, discarding tombstones prior to upper bound deletion horizon Thu Jan 01 07:00:00 ICT 1970)... (kafka.log.LogCleaner)
[2024-11-21 09:06:09,311] INFO Cleaner 0: Cleaning LogSegment(baseOffset=0, size=2425175, lastModifiedTime=1732112307740, largestRecordTimestamp=-1) in log __consumer_offsets-22 into 0 with an upper bound deletion horizon 0 computed from the segment last modified time of 1732112307740,retaining deletes. (kafka.log.LogCleaner)
[2024-11-21 09:06:09,402] INFO Cleaner 0: Swapping in cleaned segment LogSegment(baseOffset=0, size=652, lastModifiedTime=1732112307740, largestRecordTimestamp=1732112307740) for segment(s) List(LogSegment(baseOffset=0, size=2425175, lastModifiedTime=1732112307740, largestRecordTimestamp=-1)) in log Log(dir=C:\tmp\kafka-logs\__consumer_offsets-22, topicId=LgLUh-baQ-mWvxfQzM9WJA, topic=__consumer_offsets, partition=22, highWatermark=23660, lastStableOffset=23660, logStartOffset=0, logEndOffset=23660) (kafka.log.LogCleaner)
[2024-11-21 09:06:09,472] INFO Cleaner 0: Beginning cleaning of log __consumer_offsets-22 (kafka.log.LogCleaner)
[2024-11-21 09:06:09,472] INFO Cleaner 0: Building offset map for __consumer_offsets-22... (kafka.log.LogCleaner)
[2024-11-21 09:07:27,047] INFO Starting the log cleaner (kafka.log.LogCleaner)
[2024-11-21 09:07:42,168] INFO Cleaner 0: Beginning cleaning of log __consumer_offsets-22 (kafka.log.LogCleaner)
[2024-11-21 09:07:42,169] INFO Cleaner 0: Building offset map for __consumer_offsets-22... (kafka.log.LogCleaner)
[2024-11-21 09:07:42,205] INFO Cleaner 0: Building offset map for log __consumer_offsets-22 for 1 segments in offset range [0, 23650). (kafka.log.LogCleaner)
[2024-11-21 09:07:42,410] INFO Cleaner 0: Offset map for log __consumer_offsets-22 complete. (kafka.log.LogCleaner)
[2024-11-21 09:07:42,511] INFO Cleaner 0: Cleaning log __consumer_offsets-22 (cleaning prior to Wed Nov 20 21:18:27 ICT 2024, discarding tombstones prior to upper bound deletion horizon Thu Jan 01 07:00:00 ICT 1970)... (kafka.log.LogCleaner)
[2024-11-21 09:07:42,523] INFO Cleaner 0: Cleaning LogSegment(baseOffset=0, size=2425175, lastModifiedTime=1732112307740, largestRecordTimestamp=-1) in log __consumer_offsets-22 into 0 with an upper bound deletion horizon 0 computed from the segment last modified time of 1732112307740,retaining deletes. (kafka.log.LogCleaner)
[2024-11-21 09:07:42,613] INFO Cleaner 0: Swapping in cleaned segment LogSegment(baseOffset=0, size=652, lastModifiedTime=1732112307740, largestRecordTimestamp=1732112307740) for segment(s) List(LogSegment(baseOffset=0, size=2425175, lastModifiedTime=1732112307740, largestRecordTimestamp=-1)) in log Log(dir=C:\tmp\kafka-logs\__consumer_offsets-22, topicId=LgLUh-baQ-mWvxfQzM9WJA, topic=__consumer_offsets, partition=22, highWatermark=23660, lastStableOffset=23660, logStartOffset=0, logEndOffset=23660) (kafka.log.LogCleaner)
[2024-11-21 09:07:42,676] INFO Cleaner 0: Beginning cleaning of log __consumer_offsets-22 (kafka.log.LogCleaner)
[2024-11-21 09:07:42,676] INFO Cleaner 0: Building offset map for __consumer_offsets-22... (kafka.log.LogCleaner)
[2024-11-21 09:07:42,707] INFO Cleaner 0: Building offset map for log __consumer_offsets-22 for 1 segments in offset range [0, 23650). (kafka.log.LogCleaner)
[2024-11-21 09:07:42,782] INFO Cleaner 0: Offset map for log __consumer_offsets-22 complete. (kafka.log.LogCleaner)
[2024-11-21 09:07:42,783] INFO Cleaner 0: Cleaning log __consumer_offsets-22 (cleaning prior to Wed Nov 20 21:18:27 ICT 2024, discarding tombstones prior to upper bound deletion horizon Thu Jan 01 07:00:00 ICT 1970)... (kafka.log.LogCleaner)
[2024-11-21 09:10:09,871] INFO Starting the log cleaner (kafka.log.LogCleaner)
[2024-11-21 09:10:25,050] INFO Cleaner 0: Beginning cleaning of log __consumer_offsets-22 (kafka.log.LogCleaner)
[2024-11-21 09:10:25,051] INFO Cleaner 0: Building offset map for __consumer_offsets-22... (kafka.log.LogCleaner)
[2024-11-21 09:10:25,086] INFO Cleaner 0: Building offset map for log __consumer_offsets-22 for 1 segments in offset range [0, 23650). (kafka.log.LogCleaner)
[2024-11-21 09:10:25,318] INFO Cleaner 0: Offset map for log __consumer_offsets-22 complete. (kafka.log.LogCleaner)
[2024-11-21 09:10:25,443] INFO Cleaner 0: Cleaning log __consumer_offsets-22 (cleaning prior to Wed Nov 20 21:18:27 ICT 2024, discarding tombstones prior to upper bound deletion horizon Thu Jan 01 07:00:00 ICT 1970)... (kafka.log.LogCleaner)
[2024-11-21 09:10:25,461] INFO Cleaner 0: Cleaning LogSegment(baseOffset=0, size=2425175, lastModifiedTime=1732112307740, largestRecordTimestamp=-1) in log __consumer_offsets-22 into 0 with an upper bound deletion horizon 0 computed from the segment last modified time of 1732112307740,retaining deletes. (kafka.log.LogCleaner)
[2024-11-21 09:10:25,559] INFO Cleaner 0: Swapping in cleaned segment LogSegment(baseOffset=0, size=652, lastModifiedTime=1732112307740, largestRecordTimestamp=1732112307740) for segment(s) List(LogSegment(baseOffset=0, size=2425175, lastModifiedTime=1732112307740, largestRecordTimestamp=-1)) in log Log(dir=C:\tmp\kafka-logs\__consumer_offsets-22, topicId=LgLUh-baQ-mWvxfQzM9WJA, topic=__consumer_offsets, partition=22, highWatermark=23660, lastStableOffset=23660, logStartOffset=0, logEndOffset=23660) (kafka.log.LogCleaner)
[2024-11-21 09:10:25,585] INFO Cleaner 0: Beginning cleaning of log __consumer_offsets-22 (kafka.log.LogCleaner)
[2024-11-21 09:10:25,585] INFO Cleaner 0: Building offset map for __consumer_offsets-22... (kafka.log.LogCleaner)
[2024-11-21 09:10:25,615] INFO Cleaner 0: Building offset map for log __consumer_offsets-22 for 1 segments in offset range [0, 23650). (kafka.log.LogCleaner)
[2024-11-21 09:16:15,284] INFO Starting the log cleaner (kafka.log.LogCleaner)
[2024-11-21 09:16:16,058] INFO Shutting down the log cleaner. (kafka.log.LogCleaner)
[2024-11-21 09:16:34,479] INFO Starting the log cleaner (kafka.log.LogCleaner)
[2024-11-21 09:16:35,245] INFO Shutting down the log cleaner. (kafka.log.LogCleaner)
[2024-11-21 09:17:08,057] INFO Starting the log cleaner (kafka.log.LogCleaner)
[2024-11-21 09:17:08,851] INFO Shutting down the log cleaner. (kafka.log.LogCleaner)
[2024-11-21 09:22:54,432] INFO Starting the log cleaner (kafka.log.LogCleaner)
[2024-11-21 09:22:55,140] INFO Shutting down the log cleaner. (kafka.log.LogCleaner)
[2024-11-21 09:25:51,479] INFO Starting the log cleaner (kafka.log.LogCleaner)
[2024-11-21 09:25:52,282] INFO Shutting down the log cleaner. (kafka.log.LogCleaner)
[2024-11-21 09:27:49,373] INFO Starting the log cleaner (kafka.log.LogCleaner)
[2024-11-21 09:27:50,436] INFO Shutting down the log cleaner. (kafka.log.LogCleaner)
[2024-11-21 09:29:40,978] INFO Starting the log cleaner (kafka.log.LogCleaner)
[2024-11-21 09:30:56,926] INFO Starting the log cleaner (kafka.log.LogCleaner)
[2024-11-21 09:37:32,860] INFO Starting the log cleaner (kafka.log.LogCleaner)
[2024-11-21 09:37:48,048] INFO Cleaner 0: Beginning cleaning of log __consumer_offsets-22 (kafka.log.LogCleaner)
[2024-11-21 09:37:48,049] INFO Cleaner 0: Building offset map for __consumer_offsets-22... (kafka.log.LogCleaner)
[2024-11-21 09:37:48,140] INFO Cleaner 0: Building offset map for log __consumer_offsets-22 for 1 segments in offset range [0, 23650). (kafka.log.LogCleaner)
[2024-11-21 09:37:48,493] INFO Cleaner 0: Offset map for log __consumer_offsets-22 complete. (kafka.log.LogCleaner)
[2024-11-21 09:37:48,578] INFO Cleaner 0: Cleaning log __consumer_offsets-22 (cleaning prior to Wed Nov 20 21:18:27 ICT 2024, discarding tombstones prior to upper bound deletion horizon Thu Jan 01 07:00:00 ICT 1970)... (kafka.log.LogCleaner)
[2024-11-21 09:37:48,588] INFO Cleaner 0: Cleaning LogSegment(baseOffset=0, size=2425175, lastModifiedTime=1732112307740, largestRecordTimestamp=-1) in log __consumer_offsets-22 into 0 with an upper bound deletion horizon 0 computed from the segment last modified time of 1732112307740,retaining deletes. (kafka.log.LogCleaner)
[2024-11-21 09:37:48,703] INFO Cleaner 0: Swapping in cleaned segment LogSegment(baseOffset=0, size=652, lastModifiedTime=1732112307740, largestRecordTimestamp=1732112307740) for segment(s) List(LogSegment(baseOffset=0, size=2425175, lastModifiedTime=1732112307740, largestRecordTimestamp=-1)) in log Log(dir=C:\tmp\kafka-logs\__consumer_offsets-22, topicId=LgLUh-baQ-mWvxfQzM9WJA, topic=__consumer_offsets, partition=22, highWatermark=23660, lastStableOffset=23660, logStartOffset=0, logEndOffset=23660) (kafka.log.LogCleaner)
[2024-11-21 09:37:48,730] INFO Cleaner 0: Beginning cleaning of log __consumer_offsets-22 (kafka.log.LogCleaner)
[2024-11-21 09:37:48,730] INFO Cleaner 0: Building offset map for __consumer_offsets-22... (kafka.log.LogCleaner)
[2024-11-21 09:37:48,776] INFO Cleaner 0: Building offset map for log __consumer_offsets-22 for 1 segments in offset range [0, 23650). (kafka.log.LogCleaner)
[2024-11-21 09:43:59,494] INFO Starting the log cleaner (kafka.log.LogCleaner)
[2024-11-21 09:44:14,627] INFO Cleaner 0: Beginning cleaning of log __consumer_offsets-22 (kafka.log.LogCleaner)
[2024-11-21 09:44:14,628] INFO Cleaner 0: Building offset map for __consumer_offsets-22... (kafka.log.LogCleaner)
[2024-11-21 09:44:14,670] INFO Cleaner 0: Building offset map for log __consumer_offsets-22 for 1 segments in offset range [0, 23650). (kafka.log.LogCleaner)
[2024-11-21 09:44:15,000] INFO Cleaner 0: Offset map for log __consumer_offsets-22 complete. (kafka.log.LogCleaner)
[2024-11-21 09:44:15,076] INFO Cleaner 0: Cleaning log __consumer_offsets-22 (cleaning prior to Wed Nov 20 21:18:27 ICT 2024, discarding tombstones prior to upper bound deletion horizon Thu Jan 01 07:00:00 ICT 1970)... (kafka.log.LogCleaner)
[2024-11-21 09:44:15,098] INFO Cleaner 0: Cleaning LogSegment(baseOffset=0, size=2425175, lastModifiedTime=1732112307740, largestRecordTimestamp=-1) in log __consumer_offsets-22 into 0 with an upper bound deletion horizon 0 computed from the segment last modified time of 1732112307740,retaining deletes. (kafka.log.LogCleaner)
[2024-11-21 09:44:15,239] INFO Cleaner 0: Swapping in cleaned segment LogSegment(baseOffset=0, size=652, lastModifiedTime=1732112307740, largestRecordTimestamp=1732112307740) for segment(s) List(LogSegment(baseOffset=0, size=2425175, lastModifiedTime=1732112307740, largestRecordTimestamp=-1)) in log Log(dir=C:\tmp\kafka-logs\__consumer_offsets-22, topicId=LgLUh-baQ-mWvxfQzM9WJA, topic=__consumer_offsets, partition=22, highWatermark=23660, lastStableOffset=23660, logStartOffset=0, logEndOffset=23660) (kafka.log.LogCleaner)
[2024-11-21 09:44:15,294] INFO Cleaner 0: Beginning cleaning of log __consumer_offsets-22 (kafka.log.LogCleaner)
[2024-11-21 09:44:15,294] INFO Cleaner 0: Building offset map for __consumer_offsets-22... (kafka.log.LogCleaner)
[2024-11-21 09:44:15,339] INFO Cleaner 0: Building offset map for log __consumer_offsets-22 for 1 segments in offset range [0, 23650). (kafka.log.LogCleaner)
[2024-11-21 09:45:27,019] INFO Starting the log cleaner (kafka.log.LogCleaner)
[2024-11-21 09:45:42,151] INFO Cleaner 0: Beginning cleaning of log __consumer_offsets-22 (kafka.log.LogCleaner)
[2024-11-21 09:45:42,151] INFO Cleaner 0: Building offset map for __consumer_offsets-22... (kafka.log.LogCleaner)
[2024-11-21 09:45:42,188] INFO Cleaner 0: Building offset map for log __consumer_offsets-22 for 1 segments in offset range [0, 23650). (kafka.log.LogCleaner)
[2024-11-21 09:45:42,343] INFO Cleaner 0: Offset map for log __consumer_offsets-22 complete. (kafka.log.LogCleaner)
[2024-11-21 09:45:42,409] INFO Cleaner 0: Cleaning log __consumer_offsets-22 (cleaning prior to Wed Nov 20 21:18:27 ICT 2024, discarding tombstones prior to upper bound deletion horizon Thu Jan 01 07:00:00 ICT 1970)... (kafka.log.LogCleaner)
[2024-11-21 09:45:42,430] INFO Cleaner 0: Cleaning LogSegment(baseOffset=0, size=2425175, lastModifiedTime=1732112307740, largestRecordTimestamp=-1) in log __consumer_offsets-22 into 0 with an upper bound deletion horizon 0 computed from the segment last modified time of 1732112307740,retaining deletes. (kafka.log.LogCleaner)
[2024-11-21 09:45:42,549] INFO Cleaner 0: Swapping in cleaned segment LogSegment(baseOffset=0, size=652, lastModifiedTime=1732112307740, largestRecordTimestamp=1732112307740) for segment(s) List(LogSegment(baseOffset=0, size=2425175, lastModifiedTime=1732112307740, largestRecordTimestamp=-1)) in log Log(dir=C:\tmp\kafka-logs\__consumer_offsets-22, topicId=LgLUh-baQ-mWvxfQzM9WJA, topic=__consumer_offsets, partition=22, highWatermark=23660, lastStableOffset=23660, logStartOffset=0, logEndOffset=23660) (kafka.log.LogCleaner)
[2024-11-21 09:45:42,580] INFO Cleaner 0: Beginning cleaning of log __consumer_offsets-22 (kafka.log.LogCleaner)
[2024-11-21 09:45:42,580] INFO Cleaner 0: Building offset map for __consumer_offsets-22... (kafka.log.LogCleaner)
[2024-11-21 09:45:42,645] INFO Cleaner 0: Building offset map for log __consumer_offsets-22 for 1 segments in offset range [0, 23650). (kafka.log.LogCleaner)
[2024-11-21 09:50:12,844] INFO Starting the log cleaner (kafka.log.LogCleaner)
[2024-11-21 09:50:27,984] INFO Cleaner 0: Beginning cleaning of log __consumer_offsets-22 (kafka.log.LogCleaner)
[2024-11-21 09:50:27,984] INFO Cleaner 0: Building offset map for __consumer_offsets-22... (kafka.log.LogCleaner)
[2024-11-21 09:50:28,026] INFO Cleaner 0: Building offset map for log __consumer_offsets-22 for 1 segments in offset range [0, 23650). (kafka.log.LogCleaner)
[2024-11-21 09:50:28,218] INFO Cleaner 0: Offset map for log __consumer_offsets-22 complete. (kafka.log.LogCleaner)
[2024-11-21 09:50:28,291] INFO Cleaner 0: Cleaning log __consumer_offsets-22 (cleaning prior to Wed Nov 20 21:18:27 ICT 2024, discarding tombstones prior to upper bound deletion horizon Thu Jan 01 07:00:00 ICT 1970)... (kafka.log.LogCleaner)
[2024-11-21 09:50:28,300] INFO Cleaner 0: Cleaning LogSegment(baseOffset=0, size=2425175, lastModifiedTime=1732112307740, largestRecordTimestamp=-1) in log __consumer_offsets-22 into 0 with an upper bound deletion horizon 0 computed from the segment last modified time of 1732112307740,retaining deletes. (kafka.log.LogCleaner)
[2024-11-21 09:50:28,402] INFO Cleaner 0: Swapping in cleaned segment LogSegment(baseOffset=0, size=652, lastModifiedTime=1732112307740, largestRecordTimestamp=1732112307740) for segment(s) List(LogSegment(baseOffset=0, size=2425175, lastModifiedTime=1732112307740, largestRecordTimestamp=-1)) in log Log(dir=C:\tmp\kafka-logs\__consumer_offsets-22, topicId=LgLUh-baQ-mWvxfQzM9WJA, topic=__consumer_offsets, partition=22, highWatermark=23660, lastStableOffset=23660, logStartOffset=0, logEndOffset=23660) (kafka.log.LogCleaner)
[2024-11-21 09:50:28,423] INFO Cleaner 0: Beginning cleaning of log __consumer_offsets-22 (kafka.log.LogCleaner)
[2024-11-21 09:50:28,423] INFO Cleaner 0: Building offset map for __consumer_offsets-22... (kafka.log.LogCleaner)
[2024-11-21 09:50:28,485] INFO Cleaner 0: Building offset map for log __consumer_offsets-22 for 1 segments in offset range [0, 23650). (kafka.log.LogCleaner)
[2024-11-21 09:53:28,352] INFO Starting the log cleaner (kafka.log.LogCleaner)
[2024-11-21 09:53:43,474] INFO Cleaner 0: Beginning cleaning of log __consumer_offsets-22 (kafka.log.LogCleaner)
[2024-11-21 09:53:43,475] INFO Cleaner 0: Building offset map for __consumer_offsets-22... (kafka.log.LogCleaner)
[2024-11-21 09:53:43,507] INFO Cleaner 0: Building offset map for log __consumer_offsets-22 for 1 segments in offset range [0, 23650). (kafka.log.LogCleaner)
[2024-11-21 09:53:43,679] INFO Cleaner 0: Offset map for log __consumer_offsets-22 complete. (kafka.log.LogCleaner)
[2024-11-21 09:53:43,756] INFO Cleaner 0: Cleaning log __consumer_offsets-22 (cleaning prior to Wed Nov 20 21:18:27 ICT 2024, discarding tombstones prior to upper bound deletion horizon Thu Jan 01 07:00:00 ICT 1970)... (kafka.log.LogCleaner)
[2024-11-21 09:53:43,768] INFO Cleaner 0: Cleaning LogSegment(baseOffset=0, size=2425175, lastModifiedTime=1732112307740, largestRecordTimestamp=-1) in log __consumer_offsets-22 into 0 with an upper bound deletion horizon 0 computed from the segment last modified time of 1732112307740,retaining deletes. (kafka.log.LogCleaner)
[2024-11-21 09:53:43,872] INFO Cleaner 0: Swapping in cleaned segment LogSegment(baseOffset=0, size=652, lastModifiedTime=1732112307740, largestRecordTimestamp=1732112307740) for segment(s) List(LogSegment(baseOffset=0, size=2425175, lastModifiedTime=1732112307740, largestRecordTimestamp=-1)) in log Log(dir=C:\tmp\kafka-logs\__consumer_offsets-22, topicId=LgLUh-baQ-mWvxfQzM9WJA, topic=__consumer_offsets, partition=22, highWatermark=23660, lastStableOffset=23660, logStartOffset=0, logEndOffset=23660) (kafka.log.LogCleaner)
[2024-11-21 09:53:43,917] INFO Cleaner 0: Beginning cleaning of log __consumer_offsets-22 (kafka.log.LogCleaner)
[2024-11-21 09:53:43,917] INFO Cleaner 0: Building offset map for __consumer_offsets-22... (kafka.log.LogCleaner)
[2024-11-21 10:02:28,344] INFO Starting the log cleaner (kafka.log.LogCleaner)
[2024-11-21 10:02:43,568] INFO Cleaner 0: Beginning cleaning of log __consumer_offsets-22 (kafka.log.LogCleaner)
[2024-11-21 10:02:43,569] INFO Cleaner 0: Building offset map for __consumer_offsets-22... (kafka.log.LogCleaner)
[2024-11-21 10:02:43,630] INFO Cleaner 0: Building offset map for log __consumer_offsets-22 for 1 segments in offset range [0, 23650). (kafka.log.LogCleaner)
[2024-11-21 10:02:43,862] INFO Cleaner 0: Offset map for log __consumer_offsets-22 complete. (kafka.log.LogCleaner)
[2024-11-21 10:02:43,938] INFO Cleaner 0: Cleaning log __consumer_offsets-22 (cleaning prior to Wed Nov 20 21:18:27 ICT 2024, discarding tombstones prior to upper bound deletion horizon Thu Jan 01 07:00:00 ICT 1970)... (kafka.log.LogCleaner)
[2024-11-21 10:02:43,951] INFO Cleaner 0: Cleaning LogSegment(baseOffset=0, size=2425175, lastModifiedTime=1732112307740, largestRecordTimestamp=-1) in log __consumer_offsets-22 into 0 with an upper bound deletion horizon 0 computed from the segment last modified time of 1732112307740,retaining deletes. (kafka.log.LogCleaner)
[2024-11-21 10:02:44,077] INFO Cleaner 0: Swapping in cleaned segment LogSegment(baseOffset=0, size=652, lastModifiedTime=1732112307740, largestRecordTimestamp=1732112307740) for segment(s) List(LogSegment(baseOffset=0, size=2425175, lastModifiedTime=1732112307740, largestRecordTimestamp=-1)) in log Log(dir=C:\tmp\kafka-logs\__consumer_offsets-22, topicId=LgLUh-baQ-mWvxfQzM9WJA, topic=__consumer_offsets, partition=22, highWatermark=23660, lastStableOffset=23660, logStartOffset=0, logEndOffset=23660) (kafka.log.LogCleaner)
[2024-11-21 10:02:44,113] INFO Cleaner 0: Beginning cleaning of log __consumer_offsets-22 (kafka.log.LogCleaner)
[2024-11-21 10:02:44,113] INFO Cleaner 0: Building offset map for __consumer_offsets-22... (kafka.log.LogCleaner)
[2024-11-21 10:02:44,139] INFO Cleaner 0: Building offset map for log __consumer_offsets-22 for 1 segments in offset range [0, 23650). (kafka.log.LogCleaner)
[2024-11-21 10:04:46,795] INFO Starting the log cleaner (kafka.log.LogCleaner)
[2024-11-21 10:05:01,984] INFO Cleaner 0: Beginning cleaning of log __consumer_offsets-22 (kafka.log.LogCleaner)
[2024-11-21 10:05:01,984] INFO Cleaner 0: Building offset map for __consumer_offsets-22... (kafka.log.LogCleaner)
[2024-11-21 10:05:02,014] INFO Cleaner 0: Building offset map for log __consumer_offsets-22 for 1 segments in offset range [0, 23650). (kafka.log.LogCleaner)
[2024-11-21 10:05:02,142] INFO Cleaner 0: Offset map for log __consumer_offsets-22 complete. (kafka.log.LogCleaner)
[2024-11-21 10:05:02,204] INFO Cleaner 0: Cleaning log __consumer_offsets-22 (cleaning prior to Wed Nov 20 21:18:27 ICT 2024, discarding tombstones prior to upper bound deletion horizon Thu Jan 01 07:00:00 ICT 1970)... (kafka.log.LogCleaner)
[2024-11-21 10:05:02,231] INFO Cleaner 0: Cleaning LogSegment(baseOffset=0, size=2425175, lastModifiedTime=1732112307740, largestRecordTimestamp=-1) in log __consumer_offsets-22 into 0 with an upper bound deletion horizon 0 computed from the segment last modified time of 1732112307740,retaining deletes. (kafka.log.LogCleaner)
[2024-11-21 10:05:02,358] INFO Cleaner 0: Swapping in cleaned segment LogSegment(baseOffset=0, size=652, lastModifiedTime=1732112307740, largestRecordTimestamp=1732112307740) for segment(s) List(LogSegment(baseOffset=0, size=2425175, lastModifiedTime=1732112307740, largestRecordTimestamp=-1)) in log Log(dir=C:\tmp\kafka-logs\__consumer_offsets-22, topicId=LgLUh-baQ-mWvxfQzM9WJA, topic=__consumer_offsets, partition=22, highWatermark=23660, lastStableOffset=23660, logStartOffset=0, logEndOffset=23660) (kafka.log.LogCleaner)
[2024-11-21 10:05:02,389] INFO Cleaner 0: Beginning cleaning of log __consumer_offsets-22 (kafka.log.LogCleaner)
[2024-11-21 10:05:02,389] INFO Cleaner 0: Building offset map for __consumer_offsets-22... (kafka.log.LogCleaner)
[2024-11-21 10:05:02,435] INFO Cleaner 0: Building offset map for log __consumer_offsets-22 for 1 segments in offset range [0, 23650). (kafka.log.LogCleaner)
[2024-11-21 10:05:02,504] INFO Cleaner 0: Offset map for log __consumer_offsets-22 complete. (kafka.log.LogCleaner)
[2024-11-21 10:05:02,505] INFO Cleaner 0: Cleaning log __consumer_offsets-22 (cleaning prior to Wed Nov 20 21:18:27 ICT 2024, discarding tombstones prior to upper bound deletion horizon Thu Jan 01 07:00:00 ICT 1970)... (kafka.log.LogCleaner)
[2024-11-21 10:05:02,541] INFO Cleaner 0: Beginning cleaning of log __consumer_offsets-22 (kafka.log.LogCleaner)
[2024-11-21 10:05:02,541] INFO Cleaner 0: Building offset map for __consumer_offsets-22... (kafka.log.LogCleaner)
[2024-11-21 10:05:02,563] INFO Cleaner 0: Building offset map for log __consumer_offsets-22 for 1 segments in offset range [0, 23650). (kafka.log.LogCleaner)
[2024-11-21 10:09:38,420] INFO Starting the log cleaner (kafka.log.LogCleaner)
[2024-11-21 10:09:53,551] INFO Cleaner 0: Beginning cleaning of log __consumer_offsets-22 (kafka.log.LogCleaner)
[2024-11-21 10:09:53,552] INFO Cleaner 0: Building offset map for __consumer_offsets-22... (kafka.log.LogCleaner)
[2024-11-21 10:09:53,656] INFO Cleaner 0: Building offset map for log __consumer_offsets-22 for 1 segments in offset range [0, 23650). (kafka.log.LogCleaner)
[2024-11-21 10:09:53,909] INFO Cleaner 0: Offset map for log __consumer_offsets-22 complete. (kafka.log.LogCleaner)
[2024-11-21 10:09:54,087] INFO Cleaner 0: Cleaning log __consumer_offsets-22 (cleaning prior to Wed Nov 20 21:18:27 ICT 2024, discarding tombstones prior to upper bound deletion horizon Thu Jan 01 07:00:00 ICT 1970)... (kafka.log.LogCleaner)
[2024-11-21 10:09:54,097] INFO Cleaner 0: Cleaning LogSegment(baseOffset=0, size=2425175, lastModifiedTime=1732112307740, largestRecordTimestamp=-1) in log __consumer_offsets-22 into 0 with an upper bound deletion horizon 0 computed from the segment last modified time of 1732112307740,retaining deletes. (kafka.log.LogCleaner)
[2024-11-21 10:09:54,321] INFO Cleaner 0: Swapping in cleaned segment LogSegment(baseOffset=0, size=652, lastModifiedTime=1732112307740, largestRecordTimestamp=1732112307740) for segment(s) List(LogSegment(baseOffset=0, size=2425175, lastModifiedTime=1732112307740, largestRecordTimestamp=-1)) in log Log(dir=C:\tmp\kafka-logs\__consumer_offsets-22, topicId=LgLUh-baQ-mWvxfQzM9WJA, topic=__consumer_offsets, partition=22, highWatermark=23660, lastStableOffset=23660, logStartOffset=0, logEndOffset=23660) (kafka.log.LogCleaner)
[2024-11-21 10:09:54,379] INFO Cleaner 0: Beginning cleaning of log __consumer_offsets-22 (kafka.log.LogCleaner)
[2024-11-21 10:09:54,379] INFO Cleaner 0: Building offset map for __consumer_offsets-22... (kafka.log.LogCleaner)
[2024-11-21 10:09:54,447] INFO Cleaner 0: Building offset map for log __consumer_offsets-22 for 1 segments in offset range [0, 23650). (kafka.log.LogCleaner)
[2024-11-21 10:09:54,475] INFO Cleaner 0: Offset map for log __consumer_offsets-22 complete. (kafka.log.LogCleaner)
[2024-11-21 10:09:54,476] INFO Cleaner 0: Cleaning log __consumer_offsets-22 (cleaning prior to Wed Nov 20 21:18:27 ICT 2024, discarding tombstones prior to upper bound deletion horizon Thu Jan 01 07:00:00 ICT 1970)... (kafka.log.LogCleaner)
[2024-11-21 10:12:25,568] INFO Starting the log cleaner (kafka.log.LogCleaner)
[2024-11-21 10:12:40,694] INFO Cleaner 0: Beginning cleaning of log __consumer_offsets-22 (kafka.log.LogCleaner)
[2024-11-21 10:12:40,694] INFO Cleaner 0: Building offset map for __consumer_offsets-22... (kafka.log.LogCleaner)
[2024-11-21 10:12:40,730] INFO Cleaner 0: Building offset map for log __consumer_offsets-22 for 1 segments in offset range [0, 23650). (kafka.log.LogCleaner)
[2024-11-21 10:12:40,852] INFO Cleaner 0: Offset map for log __consumer_offsets-22 complete. (kafka.log.LogCleaner)
[2024-11-21 10:12:40,914] INFO Cleaner 0: Cleaning log __consumer_offsets-22 (cleaning prior to Wed Nov 20 21:18:27 ICT 2024, discarding tombstones prior to upper bound deletion horizon Thu Jan 01 07:00:00 ICT 1970)... (kafka.log.LogCleaner)
[2024-11-21 10:12:40,939] INFO Cleaner 0: Cleaning LogSegment(baseOffset=0, size=2425175, lastModifiedTime=1732112307740, largestRecordTimestamp=-1) in log __consumer_offsets-22 into 0 with an upper bound deletion horizon 0 computed from the segment last modified time of 1732112307740,retaining deletes. (kafka.log.LogCleaner)
[2024-11-21 10:12:41,057] INFO Cleaner 0: Swapping in cleaned segment LogSegment(baseOffset=0, size=652, lastModifiedTime=1732112307740, largestRecordTimestamp=1732112307740) for segment(s) List(LogSegment(baseOffset=0, size=2425175, lastModifiedTime=1732112307740, largestRecordTimestamp=-1)) in log Log(dir=C:\tmp\kafka-logs\__consumer_offsets-22, topicId=LgLUh-baQ-mWvxfQzM9WJA, topic=__consumer_offsets, partition=22, highWatermark=23660, lastStableOffset=23660, logStartOffset=0, logEndOffset=23660) (kafka.log.LogCleaner)
[2024-11-21 10:12:41,085] INFO Cleaner 0: Beginning cleaning of log __consumer_offsets-22 (kafka.log.LogCleaner)
[2024-11-21 10:12:41,085] INFO Cleaner 0: Building offset map for __consumer_offsets-22... (kafka.log.LogCleaner)
[2024-11-21 10:12:41,140] INFO Cleaner 0: Building offset map for log __consumer_offsets-22 for 1 segments in offset range [0, 23650). (kafka.log.LogCleaner)
[2024-11-21 10:12:41,225] INFO Cleaner 0: Offset map for log __consumer_offsets-22 complete. (kafka.log.LogCleaner)
[2024-11-21 10:12:41,225] INFO Cleaner 0: Cleaning log __consumer_offsets-22 (cleaning prior to Wed Nov 20 21:18:27 ICT 2024, discarding tombstones prior to upper bound deletion horizon Thu Jan 01 07:00:00 ICT 1970)... (kafka.log.LogCleaner)
[2024-11-22 02:54:32,930] INFO Starting the log cleaner (kafka.log.LogCleaner)
[2024-11-22 02:54:48,028] INFO Cleaner 0: Beginning cleaning of log __consumer_offsets-22 (kafka.log.LogCleaner)
[2024-11-22 02:54:48,028] INFO Cleaner 0: Building offset map for __consumer_offsets-22... (kafka.log.LogCleaner)
[2024-11-22 02:54:48,069] INFO Cleaner 0: Building offset map for log __consumer_offsets-22 for 1 segments in offset range [0, 23650). (kafka.log.LogCleaner)
[2024-11-22 02:54:48,129] INFO Cleaner 0: Offset map for log __consumer_offsets-22 complete. (kafka.log.LogCleaner)
[2024-11-22 02:54:48,148] INFO Cleaner 0: Cleaning log __consumer_offsets-22 (cleaning prior to Wed Nov 20 21:18:27 ICT 2024, discarding tombstones prior to upper bound deletion horizon Thu Jan 01 07:00:00 ICT 1970)... (kafka.log.LogCleaner)
[2024-11-22 02:54:48,158] INFO Cleaner 0: Cleaning LogSegment(baseOffset=0, size=2425175, lastModifiedTime=1732112307740, largestRecordTimestamp=-1) in log __consumer_offsets-22 into 0 with an upper bound deletion horizon 0 computed from the segment last modified time of 1732112307740,retaining deletes. (kafka.log.LogCleaner)
[2024-11-22 02:54:48,198] INFO Cleaner 0: Swapping in cleaned segment LogSegment(baseOffset=0, size=652, lastModifiedTime=1732112307740, largestRecordTimestamp=1732112307740) for segment(s) List(LogSegment(baseOffset=0, size=2425175, lastModifiedTime=1732112307740, largestRecordTimestamp=-1)) in log Log(dir=C:\tmp\kafka-logs\__consumer_offsets-22, topicId=LgLUh-baQ-mWvxfQzM9WJA, topic=__consumer_offsets, partition=22, highWatermark=23660, lastStableOffset=23660, logStartOffset=0, logEndOffset=23660) (kafka.log.LogCleaner)
[2024-11-22 02:54:48,220] INFO Cleaner 0: Beginning cleaning of log __consumer_offsets-22 (kafka.log.LogCleaner)
[2024-11-22 02:54:48,220] INFO Cleaner 0: Building offset map for __consumer_offsets-22... (kafka.log.LogCleaner)
[2024-11-22 02:55:33,204] INFO Starting the log cleaner (kafka.log.LogCleaner)
[2024-11-22 02:55:48,303] INFO Cleaner 0: Beginning cleaning of log __consumer_offsets-22 (kafka.log.LogCleaner)
[2024-11-22 02:55:48,303] INFO Cleaner 0: Building offset map for __consumer_offsets-22... (kafka.log.LogCleaner)
[2024-11-22 02:55:48,348] INFO Cleaner 0: Building offset map for log __consumer_offsets-22 for 1 segments in offset range [0, 23650). (kafka.log.LogCleaner)
[2024-11-22 02:55:48,402] INFO Cleaner 0: Offset map for log __consumer_offsets-22 complete. (kafka.log.LogCleaner)
[2024-11-22 02:55:48,420] INFO Cleaner 0: Cleaning log __consumer_offsets-22 (cleaning prior to Wed Nov 20 21:18:27 ICT 2024, discarding tombstones prior to upper bound deletion horizon Thu Jan 01 07:00:00 ICT 1970)... (kafka.log.LogCleaner)
[2024-11-22 02:55:48,430] INFO Cleaner 0: Cleaning LogSegment(baseOffset=0, size=2425175, lastModifiedTime=1732112307740, largestRecordTimestamp=-1) in log __consumer_offsets-22 into 0 with an upper bound deletion horizon 0 computed from the segment last modified time of 1732112307740,retaining deletes. (kafka.log.LogCleaner)
[2024-11-22 02:55:48,479] INFO Cleaner 0: Swapping in cleaned segment LogSegment(baseOffset=0, size=652, lastModifiedTime=1732112307740, largestRecordTimestamp=1732112307740) for segment(s) List(LogSegment(baseOffset=0, size=2425175, lastModifiedTime=1732112307740, largestRecordTimestamp=-1)) in log Log(dir=C:\tmp\kafka-logs\__consumer_offsets-22, topicId=LgLUh-baQ-mWvxfQzM9WJA, topic=__consumer_offsets, partition=22, highWatermark=23660, lastStableOffset=23660, logStartOffset=0, logEndOffset=23660) (kafka.log.LogCleaner)
[2024-11-22 02:55:48,499] INFO Cleaner 0: Beginning cleaning of log __consumer_offsets-22 (kafka.log.LogCleaner)
[2024-11-22 02:55:48,499] INFO Cleaner 0: Building offset map for __consumer_offsets-22... (kafka.log.LogCleaner)
[2024-11-22 02:58:45,265] INFO Starting the log cleaner (kafka.log.LogCleaner)
[2024-11-22 02:59:00,360] INFO Cleaner 0: Beginning cleaning of log __consumer_offsets-22 (kafka.log.LogCleaner)
[2024-11-22 02:59:00,360] INFO Cleaner 0: Building offset map for __consumer_offsets-22... (kafka.log.LogCleaner)
[2024-11-22 02:59:00,427] INFO Cleaner 0: Building offset map for log __consumer_offsets-22 for 1 segments in offset range [0, 23650). (kafka.log.LogCleaner)
[2024-11-22 02:59:00,488] INFO Cleaner 0: Offset map for log __consumer_offsets-22 complete. (kafka.log.LogCleaner)
[2024-11-22 02:59:00,508] INFO Cleaner 0: Cleaning log __consumer_offsets-22 (cleaning prior to Wed Nov 20 21:18:27 ICT 2024, discarding tombstones prior to upper bound deletion horizon Thu Jan 01 07:00:00 ICT 1970)... (kafka.log.LogCleaner)
[2024-11-22 02:59:00,518] INFO Cleaner 0: Cleaning LogSegment(baseOffset=0, size=2425175, lastModifiedTime=1732112307740, largestRecordTimestamp=-1) in log __consumer_offsets-22 into 0 with an upper bound deletion horizon 0 computed from the segment last modified time of 1732112307740,retaining deletes. (kafka.log.LogCleaner)
[2024-11-22 02:59:00,570] INFO Cleaner 0: Swapping in cleaned segment LogSegment(baseOffset=0, size=652, lastModifiedTime=1732112307740, largestRecordTimestamp=1732112307740) for segment(s) List(LogSegment(baseOffset=0, size=2425175, lastModifiedTime=1732112307740, largestRecordTimestamp=-1)) in log Log(dir=C:\tmp\kafka-logs\__consumer_offsets-22, topicId=LgLUh-baQ-mWvxfQzM9WJA, topic=__consumer_offsets, partition=22, highWatermark=23660, lastStableOffset=23660, logStartOffset=0, logEndOffset=23660) (kafka.log.LogCleaner)
[2024-11-22 02:59:00,588] INFO Cleaner 0: Beginning cleaning of log __consumer_offsets-22 (kafka.log.LogCleaner)
[2024-11-22 02:59:00,588] INFO Cleaner 0: Building offset map for __consumer_offsets-22... (kafka.log.LogCleaner)
[2024-11-22 03:15:54,653] INFO Starting the log cleaner (kafka.log.LogCleaner)
[2024-11-22 21:44:21,899] INFO Starting the log cleaner (kafka.log.LogCleaner)
[2024-11-22 21:44:22,400] INFO Shutting down the log cleaner. (kafka.log.LogCleaner)
[2024-11-22 21:45:46,042] INFO Starting the log cleaner (kafka.log.LogCleaner)
[2024-11-22 21:53:31,121] INFO Shutting down the log cleaner. (kafka.log.LogCleaner)
[2024-11-22 21:53:46,359] INFO Starting the log cleaner (kafka.log.LogCleaner)
[2024-11-22 21:53:46,795] INFO Shutting down the log cleaner. (kafka.log.LogCleaner)
[2024-11-22 21:59:32,050] INFO Starting the log cleaner (kafka.log.LogCleaner)
[2024-11-24 22:05:47,959] INFO Starting the log cleaner (kafka.log.LogCleaner)
[2024-11-24 22:08:25,339] INFO Starting the log cleaner (kafka.log.LogCleaner)
[2024-11-24 22:08:25,842] INFO Shutting down the log cleaner. (kafka.log.LogCleaner)
[2024-11-24 22:09:00,692] INFO Starting the log cleaner (kafka.log.LogCleaner)
[2024-11-24 22:12:10,804] INFO Starting the log cleaner (kafka.log.LogCleaner)
[2024-11-24 22:12:11,317] INFO Shutting down the log cleaner. (kafka.log.LogCleaner)
[2024-11-24 22:12:28,595] INFO Starting the log cleaner (kafka.log.LogCleaner)
[2024-11-24 22:12:29,200] INFO Shutting down the log cleaner. (kafka.log.LogCleaner)
[2024-11-24 22:15:19,412] INFO Starting the log cleaner (kafka.log.LogCleaner)
[2024-11-24 22:20:18,535] INFO Starting the log cleaner (kafka.log.LogCleaner)
[2024-11-24 22:20:19,218] INFO Shutting down the log cleaner. (kafka.log.LogCleaner)
[2024-11-24 22:21:08,563] INFO Starting the log cleaner (kafka.log.LogCleaner)
[2024-11-24 22:45:32,403] INFO Starting the log cleaner (kafka.log.LogCleaner)
[2024-11-24 22:45:33,082] INFO Shutting down the log cleaner. (kafka.log.LogCleaner)
[2024-11-24 22:45:49,949] INFO Starting the log cleaner (kafka.log.LogCleaner)
[2024-11-24 22:45:50,501] INFO Shutting down the log cleaner. (kafka.log.LogCleaner)
[2024-11-24 22:46:30,793] INFO Starting the log cleaner (kafka.log.LogCleaner)
[2024-11-24 22:46:31,437] INFO Shutting down the log cleaner. (kafka.log.LogCleaner)
[2024-11-26 04:10:53,411] INFO Starting the log cleaner (kafka.log.LogCleaner)
[2024-11-26 10:13:15,461] INFO Starting the log cleaner (kafka.log.LogCleaner)
[2024-11-26 10:13:16,014] INFO Shutting down the log cleaner. (kafka.log.LogCleaner)
[2024-11-26 10:24:52,255] INFO Starting the log cleaner (kafka.log.LogCleaner)
[2024-11-26 10:27:09,469] INFO Starting the log cleaner (kafka.log.LogCleaner)
[2024-11-26 10:27:09,957] INFO Shutting down the log cleaner. (kafka.log.LogCleaner)
[2024-11-26 10:27:25,746] INFO Starting the log cleaner (kafka.log.LogCleaner)
[2024-11-26 10:27:26,235] INFO Shutting down the log cleaner. (kafka.log.LogCleaner)
[2024-11-26 10:27:45,872] INFO Starting the log cleaner (kafka.log.LogCleaner)
[2024-11-26 10:27:46,345] INFO Shutting down the log cleaner. (kafka.log.LogCleaner)
[2024-11-26 10:28:05,492] INFO Starting the log cleaner (kafka.log.LogCleaner)
[2024-11-26 10:28:05,982] INFO Shutting down the log cleaner. (kafka.log.LogCleaner)
[2024-11-26 10:35:30,983] INFO Starting the log cleaner (kafka.log.LogCleaner)
[2024-11-26 10:35:31,500] INFO Shutting down the log cleaner. (kafka.log.LogCleaner)
[2024-11-26 10:38:05,114] INFO Starting the log cleaner (kafka.log.LogCleaner)
[2024-11-26 11:03:18,141] INFO Starting the log cleaner (kafka.log.LogCleaner)
[2024-11-26 11:03:18,723] INFO Shutting down the log cleaner. (kafka.log.LogCleaner)
[2024-11-26 11:03:38,141] INFO Starting the log cleaner (kafka.log.LogCleaner)
[2024-11-26 11:03:38,654] INFO Shutting down the log cleaner. (kafka.log.LogCleaner)
[2024-11-26 11:06:22,095] INFO Starting the log cleaner (kafka.log.LogCleaner)
[2024-11-26 11:22:21,048] INFO Starting the log cleaner (kafka.log.LogCleaner)
[2024-11-26 11:22:21,500] INFO Shutting down the log cleaner. (kafka.log.LogCleaner)
[2024-11-26 11:24:08,156] INFO Starting the log cleaner (kafka.log.LogCleaner)
[2024-11-26 11:25:23,562] INFO Starting the log cleaner (kafka.log.LogCleaner)
[2024-11-26 11:25:24,012] INFO Shutting down the log cleaner. (kafka.log.LogCleaner)
[2024-11-26 11:30:45,011] INFO Starting the log cleaner (kafka.log.LogCleaner)
[2024-11-26 11:30:45,467] INFO Shutting down the log cleaner. (kafka.log.LogCleaner)
[2024-11-26 11:33:50,396] INFO Starting the log cleaner (kafka.log.LogCleaner)
[2024-11-26 11:33:50,863] INFO Shutting down the log cleaner. (kafka.log.LogCleaner)
[2024-11-26 11:35:16,274] INFO Starting the log cleaner (kafka.log.LogCleaner)
[2024-11-26 11:37:38,524] INFO Starting the log cleaner (kafka.log.LogCleaner)
[2024-11-26 11:37:39,109] INFO Shutting down the log cleaner. (kafka.log.LogCleaner)
[2024-11-26 11:40:50,384] INFO Starting the log cleaner (kafka.log.LogCleaner)
[2024-11-26 11:40:50,845] INFO Shutting down the log cleaner. (kafka.log.LogCleaner)
[2024-11-26 11:41:19,481] INFO Starting the log cleaner (kafka.log.LogCleaner)
[2024-11-26 15:17:33,464] INFO Starting the log cleaner (kafka.log.LogCleaner)
[2024-11-26 15:17:34,135] INFO Shutting down the log cleaner. (kafka.log.LogCleaner)
[2024-11-26 15:18:14,881] INFO Starting the log cleaner (kafka.log.LogCleaner)
[2024-11-26 15:18:15,619] INFO Shutting down the log cleaner. (kafka.log.LogCleaner)
[2024-11-26 15:18:38,479] INFO Starting the log cleaner (kafka.log.LogCleaner)
[2024-11-26 17:05:37,568] INFO Starting the log cleaner (kafka.log.LogCleaner)
[2024-11-26 17:05:38,212] INFO Shutting down the log cleaner. (kafka.log.LogCleaner)
[2024-11-26 17:07:52,933] INFO Starting the log cleaner (kafka.log.LogCleaner)
[2024-11-26 17:07:53,518] INFO Shutting down the log cleaner. (kafka.log.LogCleaner)
[2024-11-26 17:08:48,475] INFO Starting the log cleaner (kafka.log.LogCleaner)
[2024-11-26 17:08:49,144] INFO Shutting down the log cleaner. (kafka.log.LogCleaner)
[2024-11-26 17:09:41,068] INFO Starting the log cleaner (kafka.log.LogCleaner)
[2024-11-26 17:09:41,631] INFO Shutting down the log cleaner. (kafka.log.LogCleaner)
[2024-11-26 17:10:17,342] INFO Starting the log cleaner (kafka.log.LogCleaner)
[2024-11-26 17:13:04,558] INFO Starting the log cleaner (kafka.log.LogCleaner)
[2024-11-26 17:24:14,692] INFO Starting the log cleaner (kafka.log.LogCleaner)
[2024-11-26 17:38:26,255] INFO Starting the log cleaner (kafka.log.LogCleaner)
[2024-11-26 17:39:06,107] INFO Starting the log cleaner (kafka.log.LogCleaner)
[2024-11-26 17:39:06,692] INFO Shutting down the log cleaner. (kafka.log.LogCleaner)
[2024-11-26 17:58:25,864] INFO Starting the log cleaner (kafka.log.LogCleaner)
[2024-11-26 18:00:15,210] INFO Starting the log cleaner (kafka.log.LogCleaner)
[2024-11-26 18:00:15,783] INFO Shutting down the log cleaner. (kafka.log.LogCleaner)
[2024-11-26 18:00:46,000] INFO Starting the log cleaner (kafka.log.LogCleaner)
[2024-11-26 18:05:52,278] INFO Starting the log cleaner (kafka.log.LogCleaner)
[2024-11-26 18:05:52,845] INFO Shutting down the log cleaner. (kafka.log.LogCleaner)
[2024-11-26 18:05:56,717] INFO Starting the log cleaner (kafka.log.LogCleaner)
[2024-11-26 18:05:57,464] INFO Shutting down the log cleaner. (kafka.log.LogCleaner)
[2024-11-26 18:06:08,014] INFO Starting the log cleaner (kafka.log.LogCleaner)
[2024-11-26 18:07:25,137] INFO Starting the log cleaner (kafka.log.LogCleaner)
[2024-11-26 18:07:38,084] INFO Starting the log cleaner (kafka.log.LogCleaner)
[2024-11-26 18:07:38,639] INFO Shutting down the log cleaner. (kafka.log.LogCleaner)
[2024-11-26 18:08:11,455] INFO Starting the log cleaner (kafka.log.LogCleaner)
[2024-11-26 18:09:29,659] INFO Starting the log cleaner (kafka.log.LogCleaner)
[2024-11-26 18:10:18,582] INFO Starting the log cleaner (kafka.log.LogCleaner)
[2024-11-26 18:10:37,476] INFO Starting the log cleaner (kafka.log.LogCleaner)
[2024-11-26 18:10:37,983] INFO Shutting down the log cleaner. (kafka.log.LogCleaner)
[2024-11-26 18:17:44,309] INFO Starting the log cleaner (kafka.log.LogCleaner)
[2024-11-26 18:19:45,215] INFO Starting the log cleaner (kafka.log.LogCleaner)
[2024-11-26 18:19:45,724] INFO Shutting down the log cleaner. (kafka.log.LogCleaner)
[2024-11-26 18:20:14,023] INFO Starting the log cleaner (kafka.log.LogCleaner)
[2024-11-26 18:25:27,468] INFO Shutting down the log cleaner. (kafka.log.LogCleaner)
[2024-11-26 18:30:19,941] INFO Starting the log cleaner (kafka.log.LogCleaner)
[2024-11-26 18:30:20,479] INFO Shutting down the log cleaner. (kafka.log.LogCleaner)
[2024-11-26 18:31:02,255] INFO Starting the log cleaner (kafka.log.LogCleaner)
[2024-11-26 18:31:02,818] INFO Shutting down the log cleaner. (kafka.log.LogCleaner)
[2024-11-26 18:31:06,748] INFO Starting the log cleaner (kafka.log.LogCleaner)
[2024-11-26 18:31:07,305] INFO Shutting down the log cleaner. (kafka.log.LogCleaner)
[2024-11-26 18:31:23,457] INFO Starting the log cleaner (kafka.log.LogCleaner)
[2024-11-26 18:33:17,949] INFO Starting the log cleaner (kafka.log.LogCleaner)
[2024-11-26 18:33:18,472] INFO Shutting down the log cleaner. (kafka.log.LogCleaner)
[2024-11-26 18:33:26,793] INFO Starting the log cleaner (kafka.log.LogCleaner)
[2024-11-26 18:33:27,355] INFO Shutting down the log cleaner. (kafka.log.LogCleaner)
[2024-11-26 18:34:01,250] INFO Starting the log cleaner (kafka.log.LogCleaner)
[2024-11-26 18:50:31,476] INFO Starting the log cleaner (kafka.log.LogCleaner)
[2024-11-26 18:50:32,114] INFO Shutting down the log cleaner. (kafka.log.LogCleaner)
[2024-11-26 18:50:58,173] INFO Starting the log cleaner (kafka.log.LogCleaner)
[2024-11-26 18:50:58,712] INFO Shutting down the log cleaner. (kafka.log.LogCleaner)
[2024-11-26 18:51:55,934] INFO Starting the log cleaner (kafka.log.LogCleaner)
[2024-11-26 18:51:56,541] INFO Shutting down the log cleaner. (kafka.log.LogCleaner)
[2024-11-26 18:52:50,220] INFO Starting the log cleaner (kafka.log.LogCleaner)
[2024-11-26 19:05:07,624] INFO Starting the log cleaner (kafka.log.LogCleaner)
[2024-11-26 19:05:08,125] INFO Shutting down the log cleaner. (kafka.log.LogCleaner)
[2024-11-26 19:05:57,162] INFO Starting the log cleaner (kafka.log.LogCleaner)
[2024-11-26 19:06:30,749] INFO Shutting down the log cleaner. (kafka.log.LogCleaner)
[2024-11-26 19:07:13,014] INFO Starting the log cleaner (kafka.log.LogCleaner)
[2024-11-26 19:07:13,489] INFO Shutting down the log cleaner. (kafka.log.LogCleaner)
[2024-11-26 19:07:34,168] INFO Starting the log cleaner (kafka.log.LogCleaner)
[2024-11-26 19:07:34,644] INFO Shutting down the log cleaner. (kafka.log.LogCleaner)
[2024-11-26 19:08:03,503] INFO Starting the log cleaner (kafka.log.LogCleaner)
[2024-11-26 19:11:08,146] INFO Starting the log cleaner (kafka.log.LogCleaner)
[2024-11-26 19:11:08,620] INFO Shutting down the log cleaner. (kafka.log.LogCleaner)
[2024-11-26 19:11:29,569] INFO Starting the log cleaner (kafka.log.LogCleaner)
[2024-11-26 19:11:30,047] INFO Shutting down the log cleaner. (kafka.log.LogCleaner)
[2024-11-26 19:11:58,027] INFO Starting the log cleaner (kafka.log.LogCleaner)
[2024-11-26 19:11:58,525] INFO Shutting down the log cleaner. (kafka.log.LogCleaner)
[2024-11-26 19:12:53,338] INFO Starting the log cleaner (kafka.log.LogCleaner)
[2024-11-26 19:12:53,870] INFO Shutting down the log cleaner. (kafka.log.LogCleaner)
[2024-11-26 19:13:37,200] INFO Starting the log cleaner (kafka.log.LogCleaner)
[2024-11-28 16:46:35,804] INFO Starting the log cleaner (kafka.log.LogCleaner)
[2024-11-28 16:46:36,593] INFO Shutting down the log cleaner. (kafka.log.LogCleaner)
[2024-11-28 17:06:02,322] INFO Starting the log cleaner (kafka.log.LogCleaner)
[2024-11-28 17:06:02,856] INFO Shutting down the log cleaner. (kafka.log.LogCleaner)
[2024-11-28 17:06:25,213] INFO Starting the log cleaner (kafka.log.LogCleaner)
[2024-11-28 17:06:25,689] INFO Shutting down the log cleaner. (kafka.log.LogCleaner)
[2024-11-28 17:06:44,634] INFO Starting the log cleaner (kafka.log.LogCleaner)
[2024-11-28 17:06:45,094] INFO Shutting down the log cleaner. (kafka.log.LogCleaner)
[2024-11-28 17:07:05,324] INFO Starting the log cleaner (kafka.log.LogCleaner)
[2024-11-28 17:07:05,833] INFO Shutting down the log cleaner. (kafka.log.LogCleaner)
[2024-11-28 17:16:06,435] INFO Starting the log cleaner (kafka.log.LogCleaner)
[2024-11-28 17:18:21,084] INFO Starting the log cleaner (kafka.log.LogCleaner)
[2024-11-29 08:54:22,397] INFO Starting the log cleaner (kafka.log.LogCleaner)
[2024-11-29 08:54:22,963] INFO Shutting down the log cleaner. (kafka.log.LogCleaner)
[2024-11-29 10:06:38,980] INFO Starting the log cleaner (kafka.log.LogCleaner)
[2024-12-01 23:30:53,963] INFO Starting the log cleaner (kafka.log.LogCleaner)
[2024-12-01 23:30:54,507] INFO Shutting down the log cleaner. (kafka.log.LogCleaner)
[2024-12-01 23:39:41,052] INFO Starting the log cleaner (kafka.log.LogCleaner)
[2024-12-01 23:39:41,529] INFO Shutting down the log cleaner. (kafka.log.LogCleaner)
[2024-12-01 23:40:12,103] INFO Starting the log cleaner (kafka.log.LogCleaner)
[2024-12-01 23:40:12,568] INFO Shutting down the log cleaner. (kafka.log.LogCleaner)
[2024-12-01 23:57:24,277] INFO Starting the log cleaner (kafka.log.LogCleaner)
[2024-12-02 13:23:21,413] INFO Starting the log cleaner (kafka.log.LogCleaner)
[2024-12-02 13:23:21,969] INFO Shutting down the log cleaner. (kafka.log.LogCleaner)
[2024-12-02 13:23:53,083] INFO Starting the log cleaner (kafka.log.LogCleaner)
[2024-12-02 13:23:53,549] INFO Shutting down the log cleaner. (kafka.log.LogCleaner)
[2024-12-02 13:24:23,368] INFO Starting the log cleaner (kafka.log.LogCleaner)
[2024-12-02 13:24:23,833] INFO Shutting down the log cleaner. (kafka.log.LogCleaner)
[2024-12-02 13:35:52,856] INFO Starting the log cleaner (kafka.log.LogCleaner)
[2024-12-02 13:35:53,348] INFO Shutting down the log cleaner. (kafka.log.LogCleaner)
[2024-12-02 13:37:20,165] INFO Starting the log cleaner (kafka.log.LogCleaner)
[2024-12-02 23:33:50,105] INFO Starting the log cleaner (kafka.log.LogCleaner)
[2024-12-02 23:33:50,717] INFO Shutting down the log cleaner. (kafka.log.LogCleaner)
[2024-12-02 23:34:21,439] INFO Starting the log cleaner (kafka.log.LogCleaner)
[2024-12-02 23:34:21,906] INFO Shutting down the log cleaner. (kafka.log.LogCleaner)
[2024-12-02 23:35:05,377] INFO Starting the log cleaner (kafka.log.LogCleaner)
[2024-12-03 09:36:15,994] INFO Starting the log cleaner (kafka.log.LogCleaner)
[2024-12-03 09:36:16,527] INFO Shutting down the log cleaner. (kafka.log.LogCleaner)
[2024-12-03 09:37:17,974] INFO Starting the log cleaner (kafka.log.LogCleaner)
[2024-12-03 10:28:33,693] INFO Starting the log cleaner (kafka.log.LogCleaner)
[2024-12-03 10:28:34,123] INFO Shutting down the log cleaner. (kafka.log.LogCleaner)
[2024-12-03 10:29:02,552] INFO Starting the log cleaner (kafka.log.LogCleaner)
[2024-12-03 10:29:02,992] INFO Shutting down the log cleaner. (kafka.log.LogCleaner)
[2024-12-03 13:09:37,222] INFO Starting the log cleaner (kafka.log.LogCleaner)
[2024-12-04 00:41:09,707] INFO Starting the log cleaner (kafka.log.LogCleaner)
[2024-12-04 00:41:10,358] INFO Shutting down the log cleaner. (kafka.log.LogCleaner)
[2024-12-04 00:43:02,542] INFO Starting the log cleaner (kafka.log.LogCleaner)
[2024-12-04 07:16:29,461] INFO Starting the log cleaner (kafka.log.LogCleaner)
[2024-12-04 07:16:30,040] INFO Shutting down the log cleaner. (kafka.log.LogCleaner)
[2024-12-04 07:16:58,609] INFO Starting the log cleaner (kafka.log.LogCleaner)
[2024-12-04 07:16:59,105] INFO Shutting down the log cleaner. (kafka.log.LogCleaner)
[2024-12-04 07:17:37,551] INFO Starting the log cleaner (kafka.log.LogCleaner)
[2024-12-04 11:02:09,038] INFO Starting the log cleaner (kafka.log.LogCleaner)
[2024-12-04 11:02:09,700] INFO Shutting down the log cleaner. (kafka.log.LogCleaner)
[2024-12-04 11:02:37,178] INFO Starting the log cleaner (kafka.log.LogCleaner)
[2024-12-04 11:02:37,835] INFO Shutting down the log cleaner. (kafka.log.LogCleaner)
[2024-12-04 11:04:20,769] INFO Starting the log cleaner (kafka.log.LogCleaner)
[2024-12-04 11:04:21,341] INFO Shutting down the log cleaner. (kafka.log.LogCleaner)
[2024-12-04 11:23:25,492] INFO Starting the log cleaner (kafka.log.LogCleaner)
[2024-12-04 11:23:26,030] INFO Shutting down the log cleaner. (kafka.log.LogCleaner)
[2024-12-04 11:24:09,733] INFO Starting the log cleaner (kafka.log.LogCleaner)
[2024-12-05 17:34:39,166] INFO Starting the log cleaner (kafka.log.LogCleaner)
[2024-12-05 17:34:39,697] INFO Shutting down the log cleaner. (kafka.log.LogCleaner)
[2024-12-05 17:35:21,570] INFO Starting the log cleaner (kafka.log.LogCleaner)
[2024-12-05 17:35:22,063] INFO Shutting down the log cleaner. (kafka.log.LogCleaner)
[2024-12-05 17:35:48,641] INFO Starting the log cleaner (kafka.log.LogCleaner)
[2024-12-05 17:35:49,093] INFO Shutting down the log cleaner. (kafka.log.LogCleaner)
[2024-12-05 17:42:13,109] INFO Starting the log cleaner (kafka.log.LogCleaner)
[2024-12-05 17:43:13,221] INFO Cleaner 0: Beginning cleaning of log __consumer_offsets-22 (kafka.log.LogCleaner)
[2024-12-05 17:43:13,223] INFO Cleaner 0: Building offset map for __consumer_offsets-22... (kafka.log.LogCleaner)
[2024-12-05 17:43:13,250] INFO Cleaner 0: Building offset map for log __consumer_offsets-22 for 1 segments in offset range [0, 113663). (kafka.log.LogCleaner)
[2024-12-05 17:43:13,374] INFO Cleaner 0: Offset map for log __consumer_offsets-22 complete. (kafka.log.LogCleaner)
[2024-12-05 17:43:13,419] INFO Cleaner 0: Cleaning log __consumer_offsets-22 (cleaning prior to Wed Dec 04 18:47:11 ICT 2024, discarding tombstones prior to upper bound deletion horizon Thu Jan 01 07:00:00 ICT 1970)... (kafka.log.LogCleaner)
[2024-12-05 17:43:13,429] INFO Cleaner 0: Cleaning LogSegment(baseOffset=0, size=11539202, lastModifiedTime=1733312831533, largestRecordTimestamp=1733312831533) in log __consumer_offsets-22 into 0 with an upper bound deletion horizon 0 computed from the segment last modified time of 1733312831533,retaining deletes. (kafka.log.LogCleaner)
[2024-12-05 17:43:13,526] INFO Cleaner 0: Swapping in cleaned segment LogSegment(baseOffset=0, size=670, lastModifiedTime=1733312831533, largestRecordTimestamp=1733312831533) for segment(s) List(LogSegment(baseOffset=0, size=11539202, lastModifiedTime=1733312831533, largestRecordTimestamp=1733312831533)) in log Log(dir=D:\GR1\kafka\tmp\kafka-logs\__consumer_offsets-22, topicId=IePiiStjSDO3hjp5HSVA2A, topic=__consumer_offsets, partition=22, highWatermark=113672, lastStableOffset=113672, logStartOffset=0, logEndOffset=113672) (kafka.log.LogCleaner)
[2024-12-05 17:43:13,546] INFO Cleaner 0: Beginning cleaning of log __consumer_offsets-22 (kafka.log.LogCleaner)
[2024-12-05 17:43:13,546] INFO Cleaner 0: Building offset map for __consumer_offsets-22... (kafka.log.LogCleaner)
[2024-12-05 17:54:16,288] INFO Starting the log cleaner (kafka.log.LogCleaner)
[2024-12-05 17:54:31,352] INFO Cleaner 0: Beginning cleaning of log __consumer_offsets-22 (kafka.log.LogCleaner)
[2024-12-05 17:54:31,353] INFO Cleaner 0: Building offset map for __consumer_offsets-22... (kafka.log.LogCleaner)
[2024-12-05 17:54:31,374] INFO Cleaner 0: Building offset map for log __consumer_offsets-22 for 1 segments in offset range [0, 113663). (kafka.log.LogCleaner)
[2024-12-05 17:54:31,462] INFO Cleaner 0: Offset map for log __consumer_offsets-22 complete. (kafka.log.LogCleaner)
[2024-12-05 17:54:31,477] INFO Cleaner 0: Cleaning log __consumer_offsets-22 (cleaning prior to Wed Dec 04 18:47:11 ICT 2024, discarding tombstones prior to upper bound deletion horizon Thu Jan 01 07:00:00 ICT 1970)... (kafka.log.LogCleaner)
[2024-12-05 17:54:31,485] INFO Cleaner 0: Cleaning LogSegment(baseOffset=0, size=11539202, lastModifiedTime=1733312831533, largestRecordTimestamp=-1) in log __consumer_offsets-22 into 0 with an upper bound deletion horizon 0 computed from the segment last modified time of 1733312831533,retaining deletes. (kafka.log.LogCleaner)
[2024-12-05 17:54:31,557] INFO Cleaner 0: Swapping in cleaned segment LogSegment(baseOffset=0, size=670, lastModifiedTime=1733312831533, largestRecordTimestamp=1733312831533) for segment(s) List(LogSegment(baseOffset=0, size=11539202, lastModifiedTime=1733312831533, largestRecordTimestamp=-1)) in log Log(dir=D:\GR1\kafka\tmp\kafka-logs\__consumer_offsets-22, topicId=IePiiStjSDO3hjp5HSVA2A, topic=__consumer_offsets, partition=22, highWatermark=113672, lastStableOffset=113672, logStartOffset=0, logEndOffset=113672) (kafka.log.LogCleaner)
[2024-12-05 17:54:31,584] INFO Cleaner 0: Beginning cleaning of log __consumer_offsets-22 (kafka.log.LogCleaner)
[2024-12-05 17:54:31,584] INFO Cleaner 0: Building offset map for __consumer_offsets-22... (kafka.log.LogCleaner)
[2024-12-05 17:55:47,111] INFO Starting the log cleaner (kafka.log.LogCleaner)
[2024-12-05 17:56:02,182] INFO Cleaner 0: Beginning cleaning of log __consumer_offsets-22 (kafka.log.LogCleaner)
[2024-12-05 17:56:02,183] INFO Cleaner 0: Building offset map for __consumer_offsets-22... (kafka.log.LogCleaner)
[2024-12-05 17:56:02,203] INFO Cleaner 0: Building offset map for log __consumer_offsets-22 for 1 segments in offset range [0, 113663). (kafka.log.LogCleaner)
[2024-12-05 17:56:02,304] INFO Cleaner 0: Offset map for log __consumer_offsets-22 complete. (kafka.log.LogCleaner)
[2024-12-05 17:56:02,322] INFO Cleaner 0: Cleaning log __consumer_offsets-22 (cleaning prior to Wed Dec 04 18:47:11 ICT 2024, discarding tombstones prior to upper bound deletion horizon Thu Jan 01 07:00:00 ICT 1970)... (kafka.log.LogCleaner)
[2024-12-05 17:56:02,330] INFO Cleaner 0: Cleaning LogSegment(baseOffset=0, size=11539202, lastModifiedTime=1733312831533, largestRecordTimestamp=-1) in log __consumer_offsets-22 into 0 with an upper bound deletion horizon 0 computed from the segment last modified time of 1733312831533,retaining deletes. (kafka.log.LogCleaner)
[2024-12-05 17:56:02,398] INFO Cleaner 0: Swapping in cleaned segment LogSegment(baseOffset=0, size=670, lastModifiedTime=1733312831533, largestRecordTimestamp=1733312831533) for segment(s) List(LogSegment(baseOffset=0, size=11539202, lastModifiedTime=1733312831533, largestRecordTimestamp=-1)) in log Log(dir=D:\GR1\kafka\tmp\kafka-logs\__consumer_offsets-22, topicId=IePiiStjSDO3hjp5HSVA2A, topic=__consumer_offsets, partition=22, highWatermark=113672, lastStableOffset=113672, logStartOffset=0, logEndOffset=113672) (kafka.log.LogCleaner)
[2024-12-05 17:56:02,415] INFO Cleaner 0: Beginning cleaning of log __consumer_offsets-22 (kafka.log.LogCleaner)
[2024-12-05 17:56:02,415] INFO Cleaner 0: Building offset map for __consumer_offsets-22... (kafka.log.LogCleaner)
[2024-12-05 22:16:42,724] INFO Starting the log cleaner (kafka.log.LogCleaner)
[2024-12-05 22:16:57,809] INFO Cleaner 0: Beginning cleaning of log __consumer_offsets-22 (kafka.log.LogCleaner)
[2024-12-05 22:16:57,809] INFO Cleaner 0: Building offset map for __consumer_offsets-22... (kafka.log.LogCleaner)
[2024-12-05 22:16:57,830] INFO Cleaner 0: Building offset map for log __consumer_offsets-22 for 1 segments in offset range [0, 113663). (kafka.log.LogCleaner)
[2024-12-05 22:16:57,927] INFO Cleaner 0: Offset map for log __consumer_offsets-22 complete. (kafka.log.LogCleaner)
[2024-12-05 22:16:57,950] INFO Cleaner 0: Cleaning log __consumer_offsets-22 (cleaning prior to Wed Dec 04 18:47:11 ICT 2024, discarding tombstones prior to upper bound deletion horizon Thu Jan 01 07:00:00 ICT 1970)... (kafka.log.LogCleaner)
[2024-12-05 22:16:57,957] INFO Cleaner 0: Cleaning LogSegment(baseOffset=0, size=11539202, lastModifiedTime=1733312831533, largestRecordTimestamp=-1) in log __consumer_offsets-22 into 0 with an upper bound deletion horizon 0 computed from the segment last modified time of 1733312831533,retaining deletes. (kafka.log.LogCleaner)
[2024-12-05 22:16:58,050] INFO Cleaner 0: Swapping in cleaned segment LogSegment(baseOffset=0, size=670, lastModifiedTime=1733312831533, largestRecordTimestamp=1733312831533) for segment(s) List(LogSegment(baseOffset=0, size=11539202, lastModifiedTime=1733312831533, largestRecordTimestamp=-1)) in log Log(dir=D:\GR1\kafka\tmp\kafka-logs\__consumer_offsets-22, topicId=IePiiStjSDO3hjp5HSVA2A, topic=__consumer_offsets, partition=22, highWatermark=113672, lastStableOffset=113672, logStartOffset=0, logEndOffset=113672) (kafka.log.LogCleaner)
[2024-12-05 22:16:58,069] INFO Cleaner 0: Beginning cleaning of log __consumer_offsets-22 (kafka.log.LogCleaner)
[2024-12-05 22:16:58,069] INFO Cleaner 0: Building offset map for __consumer_offsets-22... (kafka.log.LogCleaner)
[2024-12-05 22:28:59,221] INFO Starting the log cleaner (kafka.log.LogCleaner)
[2024-12-05 22:29:14,321] INFO Cleaner 0: Beginning cleaning of log __consumer_offsets-22 (kafka.log.LogCleaner)
[2024-12-05 22:29:14,322] INFO Cleaner 0: Building offset map for __consumer_offsets-22... (kafka.log.LogCleaner)
[2024-12-05 22:29:14,355] INFO Cleaner 0: Building offset map for log __consumer_offsets-22 for 1 segments in offset range [0, 113663). (kafka.log.LogCleaner)
[2024-12-05 22:29:14,499] INFO Cleaner 0: Offset map for log __consumer_offsets-22 complete. (kafka.log.LogCleaner)
[2024-12-05 22:29:14,527] INFO Cleaner 0: Cleaning log __consumer_offsets-22 (cleaning prior to Wed Dec 04 18:47:11 ICT 2024, discarding tombstones prior to upper bound deletion horizon Thu Jan 01 07:00:00 ICT 1970)... (kafka.log.LogCleaner)
[2024-12-05 22:29:14,538] INFO Cleaner 0: Cleaning LogSegment(baseOffset=0, size=11539202, lastModifiedTime=1733312831533, largestRecordTimestamp=-1) in log __consumer_offsets-22 into 0 with an upper bound deletion horizon 0 computed from the segment last modified time of 1733312831533,retaining deletes. (kafka.log.LogCleaner)
[2024-12-05 22:29:14,638] INFO Cleaner 0: Swapping in cleaned segment LogSegment(baseOffset=0, size=670, lastModifiedTime=1733312831533, largestRecordTimestamp=1733312831533) for segment(s) List(LogSegment(baseOffset=0, size=11539202, lastModifiedTime=1733312831533, largestRecordTimestamp=-1)) in log Log(dir=D:\GR1\kafka\tmp\kafka-logs\__consumer_offsets-22, topicId=IePiiStjSDO3hjp5HSVA2A, topic=__consumer_offsets, partition=22, highWatermark=113672, lastStableOffset=113672, logStartOffset=0, logEndOffset=113672) (kafka.log.LogCleaner)
[2024-12-05 22:29:14,666] INFO Cleaner 0: Beginning cleaning of log __consumer_offsets-22 (kafka.log.LogCleaner)
[2024-12-05 22:29:14,666] INFO Cleaner 0: Building offset map for __consumer_offsets-22... (kafka.log.LogCleaner)
[2024-12-05 22:30:20,416] INFO Starting the log cleaner (kafka.log.LogCleaner)
[2024-12-05 22:30:35,504] INFO Cleaner 0: Beginning cleaning of log __consumer_offsets-22 (kafka.log.LogCleaner)
[2024-12-05 22:30:35,504] INFO Cleaner 0: Building offset map for __consumer_offsets-22... (kafka.log.LogCleaner)
[2024-12-05 22:30:35,536] INFO Cleaner 0: Building offset map for log __consumer_offsets-22 for 1 segments in offset range [0, 113663). (kafka.log.LogCleaner)
[2024-12-05 22:30:35,693] INFO Cleaner 0: Offset map for log __consumer_offsets-22 complete. (kafka.log.LogCleaner)
[2024-12-05 22:30:35,717] INFO Cleaner 0: Cleaning log __consumer_offsets-22 (cleaning prior to Wed Dec 04 18:47:11 ICT 2024, discarding tombstones prior to upper bound deletion horizon Thu Jan 01 07:00:00 ICT 1970)... (kafka.log.LogCleaner)
[2024-12-05 22:30:35,729] INFO Cleaner 0: Cleaning LogSegment(baseOffset=0, size=11539202, lastModifiedTime=1733312831533, largestRecordTimestamp=-1) in log __consumer_offsets-22 into 0 with an upper bound deletion horizon 0 computed from the segment last modified time of 1733312831533,retaining deletes. (kafka.log.LogCleaner)
[2024-12-05 22:30:35,831] INFO Cleaner 0: Swapping in cleaned segment LogSegment(baseOffset=0, size=670, lastModifiedTime=1733312831533, largestRecordTimestamp=1733312831533) for segment(s) List(LogSegment(baseOffset=0, size=11539202, lastModifiedTime=1733312831533, largestRecordTimestamp=-1)) in log Log(dir=D:\GR1\kafka\tmp\kafka-logs\__consumer_offsets-22, topicId=IePiiStjSDO3hjp5HSVA2A, topic=__consumer_offsets, partition=22, highWatermark=113672, lastStableOffset=113672, logStartOffset=0, logEndOffset=113672) (kafka.log.LogCleaner)
[2024-12-05 22:30:35,851] INFO Cleaner 0: Beginning cleaning of log __consumer_offsets-22 (kafka.log.LogCleaner)
[2024-12-05 22:30:35,851] INFO Cleaner 0: Building offset map for __consumer_offsets-22... (kafka.log.LogCleaner)
[2024-12-06 00:41:00,937] INFO Starting the log cleaner (kafka.log.LogCleaner)
[2024-12-06 00:41:16,022] INFO Cleaner 0: Beginning cleaning of log __consumer_offsets-22 (kafka.log.LogCleaner)
[2024-12-06 00:41:16,022] INFO Cleaner 0: Building offset map for __consumer_offsets-22... (kafka.log.LogCleaner)
[2024-12-06 00:41:16,043] INFO Cleaner 0: Building offset map for log __consumer_offsets-22 for 1 segments in offset range [0, 113663). (kafka.log.LogCleaner)
[2024-12-06 00:41:16,142] INFO Cleaner 0: Offset map for log __consumer_offsets-22 complete. (kafka.log.LogCleaner)
[2024-12-06 00:41:16,160] INFO Cleaner 0: Cleaning log __consumer_offsets-22 (cleaning prior to Wed Dec 04 18:47:11 ICT 2024, discarding tombstones prior to upper bound deletion horizon Thu Jan 01 07:00:00 ICT 1970)... (kafka.log.LogCleaner)
[2024-12-06 00:41:16,169] INFO Cleaner 0: Cleaning LogSegment(baseOffset=0, size=11539202, lastModifiedTime=1733312831533, largestRecordTimestamp=-1) in log __consumer_offsets-22 into 0 with an upper bound deletion horizon 0 computed from the segment last modified time of 1733312831533,retaining deletes. (kafka.log.LogCleaner)
[2024-12-06 00:41:16,248] INFO Cleaner 0: Swapping in cleaned segment LogSegment(baseOffset=0, size=670, lastModifiedTime=1733312831533, largestRecordTimestamp=1733312831533) for segment(s) List(LogSegment(baseOffset=0, size=11539202, lastModifiedTime=1733312831533, largestRecordTimestamp=-1)) in log Log(dir=D:\GR1\kafka\tmp\kafka-logs\__consumer_offsets-22, topicId=IePiiStjSDO3hjp5HSVA2A, topic=__consumer_offsets, partition=22, highWatermark=113672, lastStableOffset=113672, logStartOffset=0, logEndOffset=113672) (kafka.log.LogCleaner)
[2024-12-06 00:41:16,273] INFO Cleaner 0: Beginning cleaning of log __consumer_offsets-22 (kafka.log.LogCleaner)
[2024-12-06 00:41:16,273] INFO Cleaner 0: Building offset map for __consumer_offsets-22... (kafka.log.LogCleaner)
[2024-12-06 00:44:58,412] INFO Starting the log cleaner (kafka.log.LogCleaner)
[2024-12-06 00:45:13,486] INFO Cleaner 0: Beginning cleaning of log __consumer_offsets-22 (kafka.log.LogCleaner)
[2024-12-06 00:45:13,486] INFO Cleaner 0: Building offset map for __consumer_offsets-22... (kafka.log.LogCleaner)
[2024-12-06 00:45:13,512] INFO Cleaner 0: Building offset map for log __consumer_offsets-22 for 1 segments in offset range [0, 113663). (kafka.log.LogCleaner)
[2024-12-06 00:45:13,610] INFO Cleaner 0: Offset map for log __consumer_offsets-22 complete. (kafka.log.LogCleaner)
[2024-12-06 00:45:13,626] INFO Cleaner 0: Cleaning log __consumer_offsets-22 (cleaning prior to Wed Dec 04 18:47:11 ICT 2024, discarding tombstones prior to upper bound deletion horizon Thu Jan 01 07:00:00 ICT 1970)... (kafka.log.LogCleaner)
[2024-12-06 00:45:13,634] INFO Cleaner 0: Cleaning LogSegment(baseOffset=0, size=11539202, lastModifiedTime=1733312831533, largestRecordTimestamp=-1) in log __consumer_offsets-22 into 0 with an upper bound deletion horizon 0 computed from the segment last modified time of 1733312831533,retaining deletes. (kafka.log.LogCleaner)
[2024-12-06 00:45:13,709] INFO Cleaner 0: Swapping in cleaned segment LogSegment(baseOffset=0, size=670, lastModifiedTime=1733312831533, largestRecordTimestamp=1733312831533) for segment(s) List(LogSegment(baseOffset=0, size=11539202, lastModifiedTime=1733312831533, largestRecordTimestamp=-1)) in log Log(dir=D:\GR1\kafka\tmp\kafka-logs\__consumer_offsets-22, topicId=IePiiStjSDO3hjp5HSVA2A, topic=__consumer_offsets, partition=22, highWatermark=113672, lastStableOffset=113672, logStartOffset=0, logEndOffset=113672) (kafka.log.LogCleaner)
[2024-12-06 00:45:13,728] INFO Cleaner 0: Beginning cleaning of log __consumer_offsets-22 (kafka.log.LogCleaner)
[2024-12-06 00:45:13,728] INFO Cleaner 0: Building offset map for __consumer_offsets-22... (kafka.log.LogCleaner)
[2024-12-06 00:55:34,602] INFO Starting the log cleaner (kafka.log.LogCleaner)
[2024-12-07 08:51:15,417] INFO Starting the log cleaner (kafka.log.LogCleaner)
[2024-12-07 08:51:15,955] INFO Shutting down the log cleaner. (kafka.log.LogCleaner)
[2024-12-07 08:52:12,883] INFO Starting the log cleaner (kafka.log.LogCleaner)
[2024-12-07 08:52:13,349] INFO Shutting down the log cleaner. (kafka.log.LogCleaner)
[2024-12-07 08:59:15,602] INFO Starting the log cleaner (kafka.log.LogCleaner)
[2024-12-07 08:59:16,092] INFO Shutting down the log cleaner. (kafka.log.LogCleaner)
[2024-12-07 09:00:00,101] INFO Starting the log cleaner (kafka.log.LogCleaner)
[2024-12-07 09:00:00,598] INFO Shutting down the log cleaner. (kafka.log.LogCleaner)
[2024-12-07 09:01:05,094] INFO Starting the log cleaner (kafka.log.LogCleaner)
[2024-12-07 09:15:45,420] INFO Starting the log cleaner (kafka.log.LogCleaner)
[2024-12-07 09:15:45,872] INFO Shutting down the log cleaner. (kafka.log.LogCleaner)
[2024-12-07 09:27:42,927] INFO Starting the log cleaner (kafka.log.LogCleaner)
[2024-12-07 09:27:43,449] INFO Shutting down the log cleaner. (kafka.log.LogCleaner)
[2024-12-07 09:28:23,815] INFO Starting the log cleaner (kafka.log.LogCleaner)
[2024-12-07 09:28:24,387] INFO Shutting down the log cleaner. (kafka.log.LogCleaner)
[2024-12-07 11:01:35,798] INFO Starting the log cleaner (kafka.log.LogCleaner)
[2024-12-07 16:09:02,659] INFO Starting the log cleaner (kafka.log.LogCleaner)
[2024-12-08 14:43:04,075] INFO Starting the log cleaner (kafka.log.LogCleaner)
[2024-12-08 14:43:04,618] INFO Shutting down the log cleaner. (kafka.log.LogCleaner)
[2024-12-08 14:43:35,953] INFO Starting the log cleaner (kafka.log.LogCleaner)
[2024-12-08 14:43:36,403] INFO Shutting down the log cleaner. (kafka.log.LogCleaner)
[2024-12-08 15:48:23,391] INFO Starting the log cleaner (kafka.log.LogCleaner)
[2024-12-08 15:48:23,989] INFO Shutting down the log cleaner. (kafka.log.LogCleaner)
[2024-12-09 14:42:54,660] INFO Starting the log cleaner (kafka.log.LogCleaner)
[2024-12-10 18:32:08,869] INFO Starting the log cleaner (kafka.log.LogCleaner)
[2024-12-10 18:32:09,418] INFO Shutting down the log cleaner. (kafka.log.LogCleaner)
[2024-12-10 18:32:41,913] INFO Starting the log cleaner (kafka.log.LogCleaner)
[2024-12-10 18:32:42,371] INFO Shutting down the log cleaner. (kafka.log.LogCleaner)
[2024-12-10 18:33:38,261] INFO Starting the log cleaner (kafka.log.LogCleaner)
[2024-12-10 18:33:38,762] INFO Shutting down the log cleaner. (kafka.log.LogCleaner)
[2024-12-10 18:34:30,241] INFO Starting the log cleaner (kafka.log.LogCleaner)
[2024-12-10 18:34:30,747] INFO Shutting down the log cleaner. (kafka.log.LogCleaner)
[2024-12-10 18:35:03,787] INFO Starting the log cleaner (kafka.log.LogCleaner)
[2024-12-10 18:36:59,523] INFO Starting the log cleaner (kafka.log.LogCleaner)
[2024-12-10 18:37:00,051] INFO Shutting down the log cleaner. (kafka.log.LogCleaner)
[2024-12-10 18:37:47,983] INFO Starting the log cleaner (kafka.log.LogCleaner)
[2024-12-10 18:59:38,147] INFO Shutting down the log cleaner. (kafka.log.LogCleaner)
[2024-12-10 19:00:27,234] INFO Starting the log cleaner (kafka.log.LogCleaner)
[2024-12-10 19:00:27,686] INFO Shutting down the log cleaner. (kafka.log.LogCleaner)
[2024-12-10 19:10:41,881] INFO Starting the log cleaner (kafka.log.LogCleaner)
[2024-12-10 19:10:42,350] INFO Shutting down the log cleaner. (kafka.log.LogCleaner)
[2024-12-10 20:27:46,509] INFO Starting the log cleaner (kafka.log.LogCleaner)
[2024-12-11 11:24:59,630] INFO Starting the log cleaner (kafka.log.LogCleaner)
[2024-12-11 11:25:00,455] INFO Shutting down the log cleaner. (kafka.log.LogCleaner)
[2024-12-11 11:28:12,837] INFO Starting the log cleaner (kafka.log.LogCleaner)
[2024-12-11 11:28:13,439] INFO Shutting down the log cleaner. (kafka.log.LogCleaner)
[2024-12-11 11:29:20,169] INFO Starting the log cleaner (kafka.log.LogCleaner)
[2024-12-11 11:29:20,701] INFO Shutting down the log cleaner. (kafka.log.LogCleaner)
[2024-12-11 11:31:23,660] INFO Starting the log cleaner (kafka.log.LogCleaner)
[2024-12-11 11:42:16,597] INFO Shutting down the log cleaner. (kafka.log.LogCleaner)
[2024-12-12 03:24:59,317] INFO Starting the log cleaner (kafka.log.LogCleaner)
[2024-12-12 03:24:59,851] INFO Shutting down the log cleaner. (kafka.log.LogCleaner)
[2024-12-12 03:25:55,342] INFO Starting the log cleaner (kafka.log.LogCleaner)
[2024-12-12 05:57:51,518] INFO Shutting down the log cleaner. (kafka.log.LogCleaner)
[2024-12-13 09:20:11,376] INFO Starting the log cleaner (kafka.log.LogCleaner)
[2024-12-13 09:20:11,891] INFO Shutting down the log cleaner. (kafka.log.LogCleaner)
[2024-12-13 09:21:14,731] INFO Starting the log cleaner (kafka.log.LogCleaner)
